# JRE version: OpenJDK Runtime Environment (8.0_242-b01) (build 1.8.0_242-release-1644-b01)
# Java VM: OpenJDK 64-Bit Server VM (25.242-b01 mixed mode windows-amd64 compressed oops)
Heap:
 PSYoungGen      total 122880K, used 79188K [0x00000000f5580000, 0x00000000fd980000, 0x0000000100000000)
  eden space 110592K, 71% used [0x00000000f5580000,0x00000000fa2d50b0,0x00000000fc180000)
  from space 12288K, 0% used [0x00000000fc180000,0x00000000fc180000,0x00000000fcd80000)
  to   space 11264K, 0% used [0x00000000fce80000,0x00000000fce80000,0x00000000fd980000)
 ParOldGen       total 175104K, used 14027K [0x00000000e0000000, 0x00000000eab00000, 0x00000000f5580000)
  object space 175104K, 8% used [0x00000000e0000000,0x00000000e0db2e10,0x00000000eab00000)
 Metaspace       used 38266K, capacity 39394K, committed 39472K, reserved 1083392K
  class space    used 5123K, capacity 5417K, committed 5424K, reserved 1048576K
GC Heap History (10 events):
Event: 3.423 GC heap before
{Heap before GC invocations=5 (full 1):
 PSYoungGen      total 76288K, used 7735K [0x00000000f5580000, 0x00000000fea80000, 0x0000000100000000)
  eden space 65536K, 0% used [0x00000000f5580000,0x00000000f5580000,0x00000000f9580000)
  from space 10752K, 71% used [0x00000000fa000000,0x00000000fa78dea8,0x00000000faa80000)
  to   space 10752K, 0% used [0x00000000f9580000,0x00000000f9580000,0x00000000fa000000)
 ParOldGen       total 175104K, used 1263K [0x00000000e0000000, 0x00000000eab00000, 0x00000000f5580000)
  object space 175104K, 0% used [0x00000000e0000000,0x00000000e013bf28,0x00000000eab00000)
 Metaspace       used 20585K, capacity 21212K, committed 21296K, reserved 1067008K
  class space    used 2893K, capacity 3092K, committed 3120K, reserved 1048576K
Event: 3.458 GC heap after
Heap after GC invocations=5 (full 1):
 PSYoungGen      total 76288K, used 0K [0x00000000f5580000, 0x00000000fea80000, 0x0000000100000000)
  eden space 65536K, 0% used [0x00000000f5580000,0x00000000f5580000,0x00000000f9580000)
  from space 10752K, 0% used [0x00000000fa000000,0x00000000fa000000,0x00000000faa80000)
  to   space 10752K, 0% used [0x00000000f9580000,0x00000000f9580000,0x00000000fa000000)
 ParOldGen       total 175104K, used 7511K [0x00000000e0000000, 0x00000000eab00000, 0x00000000f5580000)
  object space 175104K, 4% used [0x00000000e0000000,0x00000000e0755ef8,0x00000000eab00000)
 Metaspace       used 20585K, capacity 21212K, committed 21296K, reserved 1067008K
  class space    used 2893K, capacity 3092K, committed 3120K, reserved 1048576K
}
Event: 4.265 GC heap before
{Heap before GC invocations=6 (full 1):
 PSYoungGen      total 76288K, used 65536K [0x00000000f5580000, 0x00000000fea80000, 0x0000000100000000)
  eden space 65536K, 100% used [0x00000000f5580000,0x00000000f9580000,0x00000000f9580000)
  from space 10752K, 0% used [0x00000000fa000000,0x00000000fa000000,0x00000000faa80000)
  to   space 10752K, 0% used [0x00000000f9580000,0x00000000f9580000,0x00000000fa000000)
 ParOldGen       total 175104K, used 7511K [0x00000000e0000000, 0x00000000eab00000, 0x00000000f5580000)
  object space 175104K, 4% used [0x00000000e0000000,0x00000000e0755ef8,0x00000000eab00000)
 Metaspace       used 28100K, capacity 28798K, committed 28976K, reserved 1075200K
  class space    used 3877K, capacity 4102K, committed 4144K, reserved 1048576K
Event: 4.270 GC heap after
Heap after GC invocations=6 (full 1):
 PSYoungGen      total 76288K, used 8035K [0x00000000f5580000, 0x00000000fda80000, 0x0000000100000000)
  eden space 65536K, 0% used [0x00000000f5580000,0x00000000f5580000,0x00000000f9580000)
  from space 10752K, 74% used [0x00000000f9580000,0x00000000f9d58c10,0x00000000fa000000)
  to   space 12288K, 0% used [0x00000000fce80000,0x00000000fce80000,0x00000000fda80000)
 ParOldGen       total 175104K, used 7519K [0x00000000e0000000, 0x00000000eab00000, 0x00000000f5580000)
  object space 175104K, 4% used [0x00000000e0000000,0x00000000e0757ef8,0x00000000eab00000)
 Metaspace       used 28100K, capacity 28798K, committed 28976K, reserved 1075200K
  class space    used 3877K, capacity 4102K, committed 4144K, reserved 1048576K
}
Event: 4.989 GC heap before
{Heap before GC invocations=7 (full 1):
 PSYoungGen      total 76288K, used 73571K [0x00000000f5580000, 0x00000000fda80000, 0x0000000100000000)
  eden space 65536K, 100% used [0x00000000f5580000,0x00000000f9580000,0x00000000f9580000)
  from space 10752K, 74% used [0x00000000f9580000,0x00000000f9d58c10,0x00000000fa000000)
  to   space 12288K, 0% used [0x00000000fce80000,0x00000000fce80000,0x00000000fda80000)
 ParOldGen       total 175104K, used 7519K [0x00000000e0000000, 0x00000000eab00000, 0x00000000f5580000)
  object space 175104K, 4% used [0x00000000e0000000,0x00000000e0757ef8,0x00000000eab00000)
 Metaspace       used 33511K, capacity 34332K, committed 34736K, reserved 1079296K
  class space    used 4478K, capacity 4735K, committed 4784K, reserved 1048576K
Event: 5.001 GC heap after
Heap after GC invocations=7 (full 1):
 PSYoungGen      total 121856K, used 9035K [0x00000000f5580000, 0x00000000fd980000, 0x0000000100000000)
  eden space 110592K, 0% used [0x00000000f5580000,0x00000000f5580000,0x00000000fc180000)
  from space 11264K, 80% used [0x00000000fce80000,0x00000000fd752e88,0x00000000fd980000)
  to   space 12288K, 0% used [0x00000000fc180000,0x00000000fc180000,0x00000000fcd80000)
 ParOldGen       total 175104K, used 7527K [0x00000000e0000000, 0x00000000eab00000, 0x00000000f5580000)
  object space 175104K, 4% used [0x00000000e0000000,0x00000000e0759ef8,0x00000000eab00000)
 Metaspace       used 33511K, capacity 34332K, committed 34736K, reserved 1079296K
  class space    used 4478K, capacity 4735K, committed 4784K, reserved 1048576K
}
Event: 5.166 GC heap before
{Heap before GC invocations=8 (full 1):
 PSYoungGen      total 121856K, used 19494K [0x00000000f5580000, 0x00000000fd980000, 0x0000000100000000)
  eden space 110592K, 9% used [0x00000000f5580000,0x00000000f5fb6b98,0x00000000fc180000)
  from space 11264K, 80% used [0x00000000fce80000,0x00000000fd752e88,0x00000000fd980000)
  to   space 12288K, 0% used [0x00000000fc180000,0x00000000fc180000,0x00000000fcd80000)
 ParOldGen       total 175104K, used 7527K [0x00000000e0000000, 0x00000000eab00000, 0x00000000f5580000)
  object space 175104K, 4% used [0x00000000e0000000,0x00000000e0759ef8,0x00000000eab00000)
 Metaspace       used 34442K, capacity 35272K, committed 35496K, reserved 1079296K
  class space    used 4575K, capacity 4833K, committed 4912K, reserved 1048576K
Event: 5.174 GC heap after
Heap after GC invocations=8 (full 1):
 PSYoungGen      total 122880K, used 7118K [0x00000000f5580000, 0x00000000fd980000, 0x0000000100000000)
  eden space 110592K, 0% used [0x00000000f5580000,0x00000000f5580000,0x00000000fc180000)
  from space 12288K, 57% used [0x00000000fc180000,0x00000000fc873b48,0x00000000fcd80000)
  to   space 11264K, 0% used [0x00000000fce80000,0x00000000fce80000,0x00000000fd980000)
 ParOldGen       total 175104K, used 7535K [0x00000000e0000000, 0x00000000eab00000, 0x00000000f5580000)
  object space 175104K, 4% used [0x00000000e0000000,0x00000000e075bef8,0x00000000eab00000)
 Metaspace       used 34442K, capacity 35272K, committed 35496K, reserved 1079296K
  class space    used 4575K, capacity 4833K, committed 4912K, reserved 1048576K
}
Event: 5.174 GC heap before
{Heap before GC invocations=9 (full 2):
 PSYoungGen      total 122880K, used 7118K [0x00000000f5580000, 0x00000000fd980000, 0x0000000100000000)
  eden space 110592K, 0% used [0x00000000f5580000,0x00000000f5580000,0x00000000fc180000)
  from space 12288K, 57% used [0x00000000fc180000,0x00000000fc873b48,0x00000000fcd80000)
  to   space 11264K, 0% used [0x00000000fce80000,0x00000000fce80000,0x00000000fd980000)
 ParOldGen       total 175104K, used 7535K [0x00000000e0000000, 0x00000000eab00000, 0x00000000f5580000)
  object space 175104K, 4% used [0x00000000e0000000,0x00000000e075bef8,0x00000000eab00000)
 Metaspace       used 34442K, capacity 35272K, committed 35496K, reserved 1079296K
  class space    used 4575K, capacity 4833K, committed 4912K, reserved 1048576K
Event: 5.232 GC heap after
Heap after GC invocations=9 (full 2):
 PSYoungGen      total 122880K, used 0K [0x00000000f5580000, 0x00000000fd980000, 0x0000000100000000)
  eden space 110592K, 0% used [0x00000000f5580000,0x00000000f5580000,0x00000000fc180000)
  from space 12288K, 0% used [0x00000000fc180000,0x00000000fc180000,0x00000000fcd80000)
  to   space 11264K, 0% used [0x00000000fce80000,0x00000000fce80000,0x00000000fd980000)
 ParOldGen       total 175104K, used 14027K [0x00000000e0000000, 0x00000000eab00000, 0x00000000f5580000)
  object space 175104K, 8% used [0x00000000e0000000,0x00000000e0db2e10,0x00000000eab00000)
 Metaspace       used 34442K, capacity 35272K, committed 35496K, reserved 1079296K
  class space    used 4575K, capacity 4833K, committed 4912K, reserved 1048576K
}

