# JRE version: OpenJDK Runtime Environment (8.0_242-b01) (build 1.8.0_242-release-1644-b01)
# Java VM: OpenJDK 64-Bit Server VM (25.242-b01 mixed mode windows-amd64 compressed oops)
Heap:
 PSYoungGen      total 121856K, used 31621K [0x00000000f5580000, 0x0000000100000000, 0x0000000100000000)
  eden space 110080K, 28% used [0x00000000f5580000,0x00000000f7461680,0x00000000fc100000)
  from space 11776K, 0% used [0x00000000fc100000,0x00000000fc100000,0x00000000fcc80000)
  to   space 12288K, 0% used [0x00000000ff400000,0x00000000ff400000,0x0000000100000000)
 ParOldGen       total 175104K, used 16542K [0x00000000e0000000, 0x00000000eab00000, 0x00000000f5580000)
  object space 175104K, 9% used [0x00000000e0000000,0x00000000e1027998,0x00000000eab00000)
 Metaspace       used 35340K, capacity 36508K, committed 36648K, reserved 1081344K
  class space    used 4870K, capacity 5159K, committed 5160K, reserved 1048576K
GC Heap History (10 events):
Event: 2.344 GC heap before
{Heap before GC invocations=5 (full 1):
 PSYoungGen      total 76288K, used 7622K [0x00000000f5580000, 0x00000000fea80000, 0x0000000100000000)
  eden space 65536K, 0% used [0x00000000f5580000,0x00000000f5580000,0x00000000f9580000)
  from space 10752K, 70% used [0x00000000fa000000,0x00000000fa771a70,0x00000000faa80000)
  to   space 10752K, 0% used [0x00000000f9580000,0x00000000f9580000,0x00000000fa000000)
 ParOldGen       total 175104K, used 1242K [0x00000000e0000000, 0x00000000eab00000, 0x00000000f5580000)
  object space 175104K, 0% used [0x00000000e0000000,0x00000000e0136928,0x00000000eab00000)
 Metaspace       used 20559K, capacity 21212K, committed 21296K, reserved 1067008K
  class space    used 2893K, capacity 3092K, committed 3120K, reserved 1048576K
Event: 2.373 GC heap after
Heap after GC invocations=5 (full 1):
 PSYoungGen      total 76288K, used 0K [0x00000000f5580000, 0x00000000fea80000, 0x0000000100000000)
  eden space 65536K, 0% used [0x00000000f5580000,0x00000000f5580000,0x00000000f9580000)
  from space 10752K, 0% used [0x00000000fa000000,0x00000000fa000000,0x00000000faa80000)
  to   space 10752K, 0% used [0x00000000f9580000,0x00000000f9580000,0x00000000fa000000)
 ParOldGen       total 175104K, used 7490K [0x00000000e0000000, 0x00000000eab00000, 0x00000000f5580000)
  object space 175104K, 4% used [0x00000000e0000000,0x00000000e0750b08,0x00000000eab00000)
 Metaspace       used 20559K, capacity 21212K, committed 21296K, reserved 1067008K
  class space    used 2893K, capacity 3092K, committed 3120K, reserved 1048576K
}
Event: 2.870 GC heap before
{Heap before GC invocations=6 (full 1):
 PSYoungGen      total 76288K, used 65536K [0x00000000f5580000, 0x00000000fea80000, 0x0000000100000000)
  eden space 65536K, 100% used [0x00000000f5580000,0x00000000f9580000,0x00000000f9580000)
  from space 10752K, 0% used [0x00000000fa000000,0x00000000fa000000,0x00000000faa80000)
  to   space 10752K, 0% used [0x00000000f9580000,0x00000000f9580000,0x00000000fa000000)
 ParOldGen       total 175104K, used 7490K [0x00000000e0000000, 0x00000000eab00000, 0x00000000f5580000)
  object space 175104K, 4% used [0x00000000e0000000,0x00000000e0750b08,0x00000000eab00000)
 Metaspace       used 28059K, capacity 28798K, committed 28976K, reserved 1075200K
  class space    used 3876K, capacity 4102K, committed 4144K, reserved 1048576K
Event: 2.875 GC heap after
Heap after GC invocations=6 (full 1):
 PSYoungGen      total 76288K, used 7934K [0x00000000f5580000, 0x00000000fdb80000, 0x0000000100000000)
  eden space 65536K, 0% used [0x00000000f5580000,0x00000000f5580000,0x00000000f9580000)
  from space 10752K, 73% used [0x00000000f9580000,0x00000000f9d3f870,0x00000000fa000000)
  to   space 12800K, 0% used [0x00000000fcf00000,0x00000000fcf00000,0x00000000fdb80000)
 ParOldGen       total 175104K, used 7498K [0x00000000e0000000, 0x00000000eab00000, 0x00000000f5580000)
  object space 175104K, 4% used [0x00000000e0000000,0x00000000e0752b08,0x00000000eab00000)
 Metaspace       used 28059K, capacity 28798K, committed 28976K, reserved 1075200K
  class space    used 3876K, capacity 4102K, committed 4144K, reserved 1048576K
}
Event: 3.385 GC heap before
{Heap before GC invocations=7 (full 1):
 PSYoungGen      total 76288K, used 73470K [0x00000000f5580000, 0x00000000fdb80000, 0x0000000100000000)
  eden space 65536K, 100% used [0x00000000f5580000,0x00000000f9580000,0x00000000f9580000)
  from space 10752K, 73% used [0x00000000f9580000,0x00000000f9d3f870,0x00000000fa000000)
  to   space 12800K, 0% used [0x00000000fcf00000,0x00000000fcf00000,0x00000000fdb80000)
 ParOldGen       total 175104K, used 7498K [0x00000000e0000000, 0x00000000eab00000, 0x00000000f5580000)
  object space 175104K, 4% used [0x00000000e0000000,0x00000000e0752b08,0x00000000eab00000)
 Metaspace       used 32260K, capacity 33244K, committed 33456K, reserved 1077248K
  class space    used 4375K, capacity 4663K, committed 4784K, reserved 1048576K
Event: 3.393 GC heap after
Heap after GC invocations=7 (full 1):
 PSYoungGen      total 119296K, used 8430K [0x00000000f5580000, 0x00000000fd800000, 0x0000000100000000)
  eden space 110080K, 0% used [0x00000000f5580000,0x00000000f5580000,0x00000000fc100000)
  from space 9216K, 91% used [0x00000000fcf00000,0x00000000fd73b968,0x00000000fd800000)
  to   space 11776K, 0% used [0x00000000fc100000,0x00000000fc100000,0x00000000fcc80000)
 ParOldGen       total 175104K, used 7506K [0x00000000e0000000, 0x00000000eab00000, 0x00000000f5580000)
  object space 175104K, 4% used [0x00000000e0000000,0x00000000e0754b08,0x00000000eab00000)
 Metaspace       used 32260K, capacity 33244K, committed 33456K, reserved 1077248K
  class space    used 4375K, capacity 4663K, committed 4784K, reserved 1048576K
}
Event: 3.727 GC heap before
{Heap before GC invocations=8 (full 1):
 PSYoungGen      total 119296K, used 51218K [0x00000000f5580000, 0x00000000fd800000, 0x0000000100000000)
  eden space 110080K, 38% used [0x00000000f5580000,0x00000000f7f49250,0x00000000fc100000)
  from space 9216K, 91% used [0x00000000fcf00000,0x00000000fd73b968,0x00000000fd800000)
  to   space 11776K, 0% used [0x00000000fc100000,0x00000000fc100000,0x00000000fcc80000)
 ParOldGen       total 175104K, used 7506K [0x00000000e0000000, 0x00000000eab00000, 0x00000000f5580000)
  object space 175104K, 4% used [0x00000000e0000000,0x00000000e0754b08,0x00000000eab00000)
 Metaspace       used 34435K, capacity 35412K, committed 35496K, reserved 1079296K
  class space    used 4691K, capacity 4973K, committed 5032K, reserved 1048576K
Event: 3.735 GC heap after
Heap after GC invocations=8 (full 1):
 PSYoungGen      total 121856K, used 9677K [0x00000000f5580000, 0x0000000100000000, 0x0000000100000000)
  eden space 110080K, 0% used [0x00000000f5580000,0x00000000f5580000,0x00000000fc100000)
  from space 11776K, 82% used [0x00000000fc100000,0x00000000fca73528,0x00000000fcc80000)
  to   space 12288K, 0% used [0x00000000ff400000,0x00000000ff400000,0x0000000100000000)
 ParOldGen       total 175104K, used 7514K [0x00000000e0000000, 0x00000000eab00000, 0x00000000f5580000)
  object space 175104K, 4% used [0x00000000e0000000,0x00000000e0756b08,0x00000000eab00000)
 Metaspace       used 34435K, capacity 35412K, committed 35496K, reserved 1079296K
  class space    used 4691K, capacity 4973K, committed 5032K, reserved 1048576K
}
Event: 3.735 GC heap before
{Heap before GC invocations=9 (full 2):
 PSYoungGen      total 121856K, used 9677K [0x00000000f5580000, 0x0000000100000000, 0x0000000100000000)
  eden space 110080K, 0% used [0x00000000f5580000,0x00000000f5580000,0x00000000fc100000)
  from space 11776K, 82% used [0x00000000fc100000,0x00000000fca73528,0x00000000fcc80000)
  to   space 12288K, 0% used [0x00000000ff400000,0x00000000ff400000,0x0000000100000000)
 ParOldGen       total 175104K, used 7514K [0x00000000e0000000, 0x00000000eab00000, 0x00000000f5580000)
  object space 175104K, 4% used [0x00000000e0000000,0x00000000e0756b08,0x00000000eab00000)
 Metaspace       used 34435K, capacity 35412K, committed 35496K, reserved 1079296K
  class space    used 4691K, capacity 4973K, committed 5032K, reserved 1048576K
Event: 3.786 GC heap after
Heap after GC invocations=9 (full 2):
 PSYoungGen      total 121856K, used 0K [0x00000000f5580000, 0x0000000100000000, 0x0000000100000000)
  eden space 110080K, 0% used [0x00000000f5580000,0x00000000f5580000,0x00000000fc100000)
  from space 11776K, 0% used [0x00000000fc100000,0x00000000fc100000,0x00000000fcc80000)
  to   space 12288K, 0% used [0x00000000ff400000,0x00000000ff400000,0x0000000100000000)
 ParOldGen       total 175104K, used 16542K [0x00000000e0000000, 0x00000000eab00000, 0x00000000f5580000)
  object space 175104K, 9% used [0x00000000e0000000,0x00000000e1027998,0x00000000eab00000)
 Metaspace       used 34435K, capacity 35412K, committed 35496K, reserved 1079296K
  class space    used 4691K, capacity 4973K, committed 5032K, reserved 1048576K
}

