# JRE version: OpenJDK Runtime Environment (8.0_242-b01) (build 1.8.0_242-release-1644-b01)
# Java VM: OpenJDK 64-Bit Server VM (25.242-b01 mixed mode windows-amd64 compressed oops)
Heap:
 PSYoungGen      total 141824K, used 130714K [0x00000000f5580000, 0x00000000fea80000, 0x0000000100000000)
  eden space 131072K, 99% used [0x00000000f5580000,0x00000000fd526858,0x00000000fd580000)
  from space 10752K, 0% used [0x00000000fe000000,0x00000000fe000000,0x00000000fea80000)
  to   space 10752K, 0% used [0x00000000fd580000,0x00000000fd580000,0x00000000fe000000)
 ParOldGen       total 175104K, used 15781K [0x00000000e0000000, 0x00000000eab00000, 0x00000000f5580000)
  object space 175104K, 9% used [0x00000000e0000000,0x00000000e0f69720,0x00000000eab00000)
 Metaspace       used 43625K, capacity 45340K, committed 45608K, reserved 1089536K
  class space    used 5934K, capacity 6372K, committed 6448K, reserved 1048576K
GC Heap History (10 events):
Event: 2.233 GC heap before
{Heap before GC invocations=4 (full 0):
 PSYoungGen      total 76288K, used 16882K [0x00000000f5580000, 0x00000000fea80000, 0x0000000100000000)
  eden space 65536K, 9% used [0x00000000f5580000,0x00000000f5b81768,0x00000000f9580000)
  from space 10752K, 99% used [0x00000000f9580000,0x00000000f9ffb1a0,0x00000000fa000000)
  to   space 10752K, 0% used [0x00000000fe000000,0x00000000fe000000,0x00000000fea80000)
 ParOldGen       total 175104K, used 1213K [0x00000000e0000000, 0x00000000eab00000, 0x00000000f5580000)
  object space 175104K, 0% used [0x00000000e0000000,0x00000000e012f7f8,0x00000000eab00000)
 Metaspace       used 20642K, capacity 21260K, committed 21296K, reserved 1067008K
  class space    used 2899K, capacity 3116K, committed 3120K, reserved 1048576K
Event: 2.238 GC heap after
Heap after GC invocations=4 (full 0):
 PSYoungGen      total 141824K, used 7285K [0x00000000f5580000, 0x00000000fea80000, 0x0000000100000000)
  eden space 131072K, 0% used [0x00000000f5580000,0x00000000f5580000,0x00000000fd580000)
  from space 10752K, 67% used [0x00000000fe000000,0x00000000fe71d488,0x00000000fea80000)
  to   space 10752K, 0% used [0x00000000fd580000,0x00000000fd580000,0x00000000fe000000)
 ParOldGen       total 175104K, used 1221K [0x00000000e0000000, 0x00000000eab00000, 0x00000000f5580000)
  object space 175104K, 0% used [0x00000000e0000000,0x00000000e01317f8,0x00000000eab00000)
 Metaspace       used 20642K, capacity 21260K, committed 21296K, reserved 1067008K
  class space    used 2899K, capacity 3116K, committed 3120K, reserved 1048576K
}
Event: 2.238 GC heap before
{Heap before GC invocations=5 (full 1):
 PSYoungGen      total 141824K, used 7285K [0x00000000f5580000, 0x00000000fea80000, 0x0000000100000000)
  eden space 131072K, 0% used [0x00000000f5580000,0x00000000f5580000,0x00000000fd580000)
  from space 10752K, 67% used [0x00000000fe000000,0x00000000fe71d488,0x00000000fea80000)
  to   space 10752K, 0% used [0x00000000fd580000,0x00000000fd580000,0x00000000fe000000)
 ParOldGen       total 175104K, used 1221K [0x00000000e0000000, 0x00000000eab00000, 0x00000000f5580000)
  object space 175104K, 0% used [0x00000000e0000000,0x00000000e01317f8,0x00000000eab00000)
 Metaspace       used 20642K, capacity 21260K, committed 21296K, reserved 1067008K
  class space    used 2899K, capacity 3116K, committed 3120K, reserved 1048576K
Event: 2.266 GC heap after
Heap after GC invocations=5 (full 1):
 PSYoungGen      total 141824K, used 0K [0x00000000f5580000, 0x00000000fea80000, 0x0000000100000000)
  eden space 131072K, 0% used [0x00000000f5580000,0x00000000f5580000,0x00000000fd580000)
  from space 10752K, 0% used [0x00000000fe000000,0x00000000fe000000,0x00000000fea80000)
  to   space 10752K, 0% used [0x00000000fd580000,0x00000000fd580000,0x00000000fe000000)
 ParOldGen       total 175104K, used 7106K [0x00000000e0000000, 0x00000000eab00000, 0x00000000f5580000)
  object space 175104K, 4% used [0x00000000e0000000,0x00000000e06f0a90,0x00000000eab00000)
 Metaspace       used 20642K, capacity 21260K, committed 21296K, reserved 1067008K
  class space    used 2899K, capacity 3116K, committed 3120K, reserved 1048576K
}
Event: 3.258 GC heap before
{Heap before GC invocations=6 (full 1):
 PSYoungGen      total 141824K, used 131072K [0x00000000f5580000, 0x00000000fea80000, 0x0000000100000000)
  eden space 131072K, 100% used [0x00000000f5580000,0x00000000fd580000,0x00000000fd580000)
  from space 10752K, 0% used [0x00000000fe000000,0x00000000fe000000,0x00000000fea80000)
  to   space 10752K, 0% used [0x00000000fd580000,0x00000000fd580000,0x00000000fe000000)
 ParOldGen       total 175104K, used 7106K [0x00000000e0000000, 0x00000000eab00000, 0x00000000f5580000)
  object space 175104K, 4% used [0x00000000e0000000,0x00000000e06f0a90,0x00000000eab00000)
 Metaspace       used 32194K, capacity 32984K, committed 33072K, reserved 1077248K
  class space    used 4395K, capacity 4609K, committed 4656K, reserved 1048576K
Event: 3.271 GC heap after
Heap after GC invocations=6 (full 1):
 PSYoungGen      total 141824K, used 10724K [0x00000000f5580000, 0x00000000fea80000, 0x0000000100000000)
  eden space 131072K, 0% used [0x00000000f5580000,0x00000000f5580000,0x00000000fd580000)
  from space 10752K, 99% used [0x00000000fd580000,0x00000000fdff92e0,0x00000000fe000000)
  to   space 10752K, 0% used [0x00000000fe000000,0x00000000fe000000,0x00000000fea80000)
 ParOldGen       total 175104K, used 9625K [0x00000000e0000000, 0x00000000eab00000, 0x00000000f5580000)
  object space 175104K, 5% used [0x00000000e0000000,0x00000000e0966518,0x00000000eab00000)
 Metaspace       used 32194K, capacity 32984K, committed 33072K, reserved 1077248K
  class space    used 4395K, capacity 4609K, committed 4656K, reserved 1048576K
}
Event: 3.619 GC heap before
{Heap before GC invocations=7 (full 1):
 PSYoungGen      total 141824K, used 62647K [0x00000000f5580000, 0x00000000fea80000, 0x0000000100000000)
  eden space 131072K, 39% used [0x00000000f5580000,0x00000000f8834968,0x00000000fd580000)
  from space 10752K, 99% used [0x00000000fd580000,0x00000000fdff92e0,0x00000000fe000000)
  to   space 10752K, 0% used [0x00000000fe000000,0x00000000fe000000,0x00000000fea80000)
 ParOldGen       total 175104K, used 9625K [0x00000000e0000000, 0x00000000eab00000, 0x00000000f5580000)
  object space 175104K, 5% used [0x00000000e0000000,0x00000000e0966518,0x00000000eab00000)
 Metaspace       used 34583K, capacity 35414K, committed 35496K, reserved 1079296K
  class space    used 4740K, capacity 4972K, committed 5040K, reserved 1048576K
Event: 3.625 GC heap after
Heap after GC invocations=7 (full 1):
 PSYoungGen      total 141824K, used 9342K [0x00000000f5580000, 0x00000000fea80000, 0x0000000100000000)
  eden space 131072K, 0% used [0x00000000f5580000,0x00000000f5580000,0x00000000fd580000)
  from space 10752K, 86% used [0x00000000fe000000,0x00000000fe91fb20,0x00000000fea80000)
  to   space 10752K, 0% used [0x00000000fd580000,0x00000000fd580000,0x00000000fe000000)
 ParOldGen       total 175104K, used 9633K [0x00000000e0000000, 0x00000000eab00000, 0x00000000f5580000)
  object space 175104K, 5% used [0x00000000e0000000,0x00000000e0968518,0x00000000eab00000)
 Metaspace       used 34583K, capacity 35414K, committed 35496K, reserved 1079296K
  class space    used 4740K, capacity 4972K, committed 5040K, reserved 1048576K
}
Event: 3.625 GC heap before
{Heap before GC invocations=8 (full 2):
 PSYoungGen      total 141824K, used 9342K [0x00000000f5580000, 0x00000000fea80000, 0x0000000100000000)
  eden space 131072K, 0% used [0x00000000f5580000,0x00000000f5580000,0x00000000fd580000)
  from space 10752K, 86% used [0x00000000fe000000,0x00000000fe91fb20,0x00000000fea80000)
  to   space 10752K, 0% used [0x00000000fd580000,0x00000000fd580000,0x00000000fe000000)
 ParOldGen       total 175104K, used 9633K [0x00000000e0000000, 0x00000000eab00000, 0x00000000f5580000)
  object space 175104K, 5% used [0x00000000e0000000,0x00000000e0968518,0x00000000eab00000)
 Metaspace       used 34583K, capacity 35414K, committed 35496K, reserved 1079296K
  class space    used 4740K, capacity 4972K, committed 5040K, reserved 1048576K
Event: 3.666 GC heap after
Heap after GC invocations=8 (full 2):
 PSYoungGen      total 141824K, used 0K [0x00000000f5580000, 0x00000000fea80000, 0x0000000100000000)
  eden space 131072K, 0% used [0x00000000f5580000,0x00000000f5580000,0x00000000fd580000)
  from space 10752K, 0% used [0x00000000fe000000,0x00000000fe000000,0x00000000fea80000)
  to   space 10752K, 0% used [0x00000000fd580000,0x00000000fd580000,0x00000000fe000000)
 ParOldGen       total 175104K, used 15781K [0x00000000e0000000, 0x00000000eab00000, 0x00000000f5580000)
  object space 175104K, 9% used [0x00000000e0000000,0x00000000e0f69720,0x00000000eab00000)
 Metaspace       used 34583K, capacity 35414K, committed 35496K, reserved 1079296K
  class space    used 4740K, capacity 4972K, committed 5040K, reserved 1048576K
}

